[19:38:03] [Render thread/INFO] ========================================
[19:38:03] [Render thread/INFO] Minecraft: 1.21.4
[19:38:03] [Render thread/INFO] Side: client
[19:38:03] [Render thread/INFO] Development: true
[19:38:03] [Render thread/INFO] Version: 18.0.808
[19:38:03] [Render thread/INFO] Loader:
[19:38:03] [Render thread/INFO] - Fabric: 0.16.9
[19:38:03] [Render thread/INFO] - Fabric API: 0.119.3+1.21.4
[19:38:03] [Render thread/INFO] Dependencies:
[19:38:03] [Render thread/INFO] - Cloth Config: 17.0.144
[19:38:03] [Render thread/INFO] - Architectury: 15.0.3
[19:38:03] [Render thread/INFO] Mixin: 0.8.7
[19:38:03] [Render thread/INFO] OS: Windows 11 10.0 (amd64)
[19:38:03] [Render thread/INFO] Java: 21.0.4 (Eclipse Adoptium)
[19:38:03] [Render thread/INFO] ========================================
[19:38:03] [Render thread/INFO] Mods:
[19:38:03] [Render thread/INFO] - aethelon: 1.1.0
[19:38:03] [Render thread/INFO] - architectury: 15.0.3
[19:38:03] [Render thread/INFO] - cloth-basic-math: 0.6.1
[19:38:03] [Render thread/INFO] - cloth-config: 17.0.144
[19:38:03] [Render thread/INFO] - cloth-config: 17.0.144
[19:38:03] [Render thread/INFO] - error_notifier: 1.0.11
[19:38:03] [Render thread/INFO] - fabric-api: 0.119.3+1.21.4
[19:38:03] [Render thread/INFO] - fabric-api: 0.119.3+1.21.4
[19:38:03] [Render thread/INFO] - fabric-api-base: 0.4.54+b47eab6b04
[19:38:03] [Render thread/INFO] - fabric-api-lookup-api-v1: 1.6.86+b1caf1e904
[19:38:03] [Render thread/INFO] - fabric-biome-api-v1: 15.0.6+b1c29d8e04
[19:38:03] [Render thread/INFO] - fabric-block-api-v1: 1.0.31+7feeb73304
[19:38:03] [Render thread/INFO] - fabric-block-view-api-v2: 1.0.20+9c49cc8c04
[19:38:03] [Render thread/INFO] - fabric-blockrenderlayer-v1: 2.0.8+7feeb73304
[19:38:03] [Render thread/INFO] - fabric-client-gametest-api-v1: 4.1.1+6816ccd404
[19:38:03] [Render thread/INFO] - fabric-client-tags-api-v1: 1.1.29+20ea1e2304
[19:38:03] [Render thread/INFO] - fabric-command-api-v1: 1.2.62+f71b366f04
[19:38:03] [Render thread/INFO] - fabric-command-api-v2: 2.2.41+e496eb1504
[19:38:03] [Render thread/INFO] - fabric-commands-v0: 0.2.79+df3654b304
[19:38:03] [Render thread/INFO] - fabric-content-registries-v0: 9.1.19+25d1a67604
[19:38:03] [Render thread/INFO] - fabric-convention-tags-v1: 2.1.20+7f945d5b04
[19:38:03] [Render thread/INFO] - fabric-convention-tags-v2: 2.14.1+1edcd29104
[19:38:03] [Render thread/INFO] - fabric-crash-report-info-v1: 0.3.6+7feeb73304
[19:38:03] [Render thread/INFO] - fabric-data-attachment-api-v1: 1.6.2+e99da0f704
[19:38:03] [Render thread/INFO] - fabric-data-generation-api-v1: 22.3.1+0f4e5f5504
[19:38:03] [Render thread/INFO] - fabric-dimensions-v1: 4.0.10+7feeb73304
[19:38:03] [Render thread/INFO] - fabric-entity-events-v1: 2.0.15+62245bef04
[19:38:03] [Render thread/INFO] - fabric-events-interaction-v0: 4.0.4+a4eebcf004
[19:38:03] [Render thread/INFO] - fabric-game-rule-api-v1: 1.0.63+7d48d43904
[19:38:03] [Render thread/INFO] - fabric-gametest-api-v1: 2.0.26+7feeb73304
[19:38:03] [Render thread/INFO] - fabric-item-api-v1: 11.3.0+ee91fa1f04
[19:38:03] [Render thread/INFO] - fabric-item-group-api-v1: 4.2.2+fcb9601404
[19:38:03] [Render thread/INFO] - fabric-key-binding-api-v1: 1.0.57+7d48d43904
[19:38:03] [Render thread/INFO] - fabric-keybindings-v0: 0.2.55+df3654b304
[19:38:03] [Render thread/INFO] - fabric-lifecycle-events-v1: 2.5.4+bf2a60eb04
[19:38:03] [Render thread/INFO] - fabric-loot-api-v2: 3.0.38+3f89f5a504
[19:38:03] [Render thread/INFO] - fabric-loot-api-v3: 1.0.26+203e6b2304
[19:38:03] [Render thread/INFO] - fabric-message-api-v1: 6.0.25+7feeb73304
[19:38:03] [Render thread/INFO] - fabric-model-loading-api-v1: 4.3.0+ae23723504
[19:38:03] [Render thread/INFO] - fabric-networking-api-v1: 4.4.0+db5e668204
[19:38:03] [Render thread/INFO] - fabric-object-builder-api-v1: 18.0.14+38b0d59804
[19:38:03] [Render thread/INFO] - fabric-particles-v1: 4.0.14+7feeb73304
[19:38:03] [Render thread/INFO] - fabric-recipe-api-v1: 8.1.1+640e77ae04
[19:38:03] [Render thread/INFO] - fabric-registry-sync-v0: 6.1.11+4a9c1ece04
[19:38:03] [Render thread/INFO] - fabric-renderer-api-v1: 5.0.3+50f0feb204
[19:38:03] [Render thread/INFO] - fabric-renderer-indigo: 2.0.3+50f0feb204
[19:38:03] [Render thread/INFO] - fabric-rendering-data-attachment-v1: 0.3.58+73761d2e04
[19:38:03] [Render thread/INFO] - fabric-rendering-fluids-v1: 3.1.19+7feeb73304
[19:38:03] [Render thread/INFO] - fabric-rendering-v1: 10.2.1+0d31b09f04
[19:38:03] [Render thread/INFO] - fabric-resource-conditions-api-v1: 5.0.13+203e6b2304
[19:38:03] [Render thread/INFO] - fabric-resource-loader-v0: 3.1.1+360374ac04
[19:38:03] [Render thread/INFO] - fabric-screen-api-v1: 2.0.38+7feeb73304
[19:38:03] [Render thread/INFO] - fabric-screen-handler-api-v1: 1.3.118+7feeb73304
[19:38:03] [Render thread/INFO] - fabric-sound-api-v1: 1.0.32+7feeb73304
[19:38:03] [Render thread/INFO] - fabric-tag-api-v1: 1.0.7+7d48d43904
[19:38:03] [Render thread/INFO] - fabric-transfer-api-v1: 5.4.9+efa825c904
[19:38:03] [Render thread/INFO] - fabric-transitive-access-wideners-v1: 6.3.2+56e78b9b04
[19:38:03] [Render thread/INFO] - fabricloader: 0.16.9
[19:38:03] [Render thread/INFO] - java: 21
[19:38:03] [Render thread/INFO] - minecraft: 1.21.4
[19:38:03] [Render thread/INFO] - mixinextras: 0.4.1
[19:38:03] [Render thread/INFO] - roughlyenoughitems: 18.0.808
[19:38:03] [Render thread/INFO] - worldedit: 7.3.11+7055-8357a12
[19:38:03] [Render thread/INFO] - xaerominimap: 25.2.10
[19:38:03] [Render thread/INFO] - xaeroworldmap: 1.39.12
[19:38:03] [Render thread/INFO] ========================================
[19:38:03] [Render thread/DEBUG] [REI] Added filtering rule [roughlyenoughitems:search]: INSTANCE
[19:38:03] [Render thread/DEBUG] [REI] Added filtering rule [roughlyenoughitems:manual]: INSTANCE
[19:38:03] [Render thread/DEBUG] [REI] Added filtering rule [roughlyenoughitems:basic]: INSTANCE
[19:38:03] [Render thread/INFO] [REI] Config loaded
[19:38:03] [Render thread/DEBUG] [REI] Config saved
[19:38:03] [Render thread/DEBUG] [REI] Config saved
[19:38:03] [Render thread/DEBUG] [REI] Config saved
[19:38:03] [Render thread/INFO] [REI] Registered plugin provider DefaultPlugin [roughlyenoughitems] for REICommonPlugin
[19:38:03] [Render thread/INFO] [REI] Registered plugin provider DefaultRuntimePlugin [roughlyenoughitems] for REICommonPlugin
[19:38:03] [Render thread/DEBUG] [REI] Added filtering rule [roughlyenoughitems:hidden_from_recipe_viewers]: INSTANCE
[19:38:03] [Render thread/INFO] [REI] Registered plugin provider FabricFluidAPISupportPlugin for REICommonPlugin
[19:38:06] [Render thread/INFO] [REI] Registered plugin provider DefaultClientPlugin [roughlyenoughitems] for REIClientPlugin
[19:38:06] [Render thread/INFO] [REI] Registered plugin provider DefaultClientRuntimePlugin [roughlyenoughitems] for REIClientPlugin
[19:38:06] [Render thread/INFO] [REI] Registered plugin provider HideIngredientsFromTagsPlugin [roughlyenoughitems] for REIClientPlugin
[19:38:23] [Render thread/DEBUG] [REI] Player quit, clearing reload tasks!
[19:38:23] [Render thread/DEBUG] [REI] Did not fulfill the request of termination of REI reload tasks because there are no uninterrupted running tasks. This is not an error.
